1593280008173	mozrunner::runner	INFO	Running command: "/Applications/Firefox.app/Contents/MacOS/firefox-bin" "-marionette" "-foreground" "-no-remote" "-profile" "/var/folders/kj/hs9qlhc56dn4dq1yrjqgsxfm0000gp/T/rust_mozprofilet4ARbk"
1593280009022	addons.webextension.screenshots@mozilla.org	WARN	Loading extension 'screenshots@mozilla.org': Reading manifest: Invalid host permission: resource://pdf.js/
1593280009022	addons.webextension.screenshots@mozilla.org	WARN	Loading extension 'screenshots@mozilla.org': Reading manifest: Invalid host permission: about:reader*
Can't find symbol 'GetGraphicsResetStatus'.
1593280010640	Marionette	INFO	Listening on port 52061
1593280010741	Marionette	WARN	TLS certificate errors will be ignored for this session
1593280013025	Marionette	INFO	Stopped listening on port 52061
1593280099705	mozrunner::runner	INFO	Running command: "/Applications/Firefox.app/Contents/MacOS/firefox-bin" "-marionette" "-foreground" "-no-remote" "-profile" "/var/folders/kj/hs9qlhc56dn4dq1yrjqgsxfm0000gp/T/rust_mozprofileLdOFSd"
1593280100273	addons.webextension.screenshots@mozilla.org	WARN	Loading extension 'screenshots@mozilla.org': Reading manifest: Invalid host permission: resource://pdf.js/
1593280100273	addons.webextension.screenshots@mozilla.org	WARN	Loading extension 'screenshots@mozilla.org': Reading manifest: Invalid host permission: about:reader*
Can't find symbol 'GetGraphicsResetStatus'.
1593280101881	Marionette	INFO	Listening on port 52496
1593280101954	Marionette	WARN	TLS certificate errors will be ignored for this session
1593280129118	Marionette	INFO	Stopped listening on port 52496
1593280285910	mozrunner::runner	INFO	Running command: "/Applications/Firefox.app/Contents/MacOS/firefox-bin" "-marionette" "-foreground" "-no-remote" "-profile" "/var/folders/kj/hs9qlhc56dn4dq1yrjqgsxfm0000gp/T/rust_mozprofileDTNzhW"
1593280286724	addons.webextension.screenshots@mozilla.org	WARN	Loading extension 'screenshots@mozilla.org': Reading manifest: Invalid host permission: resource://pdf.js/
1593280286724	addons.webextension.screenshots@mozilla.org	WARN	Loading extension 'screenshots@mozilla.org': Reading manifest: Invalid host permission: about:reader*
Can't find symbol 'GetGraphicsResetStatus'.
1593280288574	Marionette	INFO	Listening on port 53557
1593280288674	Marionette	WARN	TLS certificate errors will be ignored for this session
1593280598579	mozrunner::runner	INFO	Running command: "/Applications/Firefox.app/Contents/MacOS/firefox-bin" "-marionette" "-foreground" "-no-remote" "-profile" "/var/folders/kj/hs9qlhc56dn4dq1yrjqgsxfm0000gp/T/rust_mozprofile1YfQKm"
1593280599378	addons.webextension.screenshots@mozilla.org	WARN	Loading extension 'screenshots@mozilla.org': Reading manifest: Invalid host permission: resource://pdf.js/
1593280599378	addons.webextension.screenshots@mozilla.org	WARN	Loading extension 'screenshots@mozilla.org': Reading manifest: Invalid host permission: about:reader*
Can't find symbol 'GetGraphicsResetStatus'.
1593280601220	Marionette	INFO	Listening on port 55015
1593280601240	Marionette	WARN	TLS certificate errors will be ignored for this session
1593280709635	mozrunner::runner	INFO	Running command: "/Applications/Firefox.app/Contents/MacOS/firefox-bin" "-marionette" "-foreground" "-no-remote" "-profile" "/var/folders/kj/hs9qlhc56dn4dq1yrjqgsxfm0000gp/T/rust_mozprofileaYAlAf"
1593280710446	addons.webextension.screenshots@mozilla.org	WARN	Loading extension 'screenshots@mozilla.org': Reading manifest: Invalid host permission: resource://pdf.js/
1593280710446	addons.webextension.screenshots@mozilla.org	WARN	Loading extension 'screenshots@mozilla.org': Reading manifest: Invalid host permission: about:reader*
Can't find symbol 'GetGraphicsResetStatus'.
1593280712288	Marionette	INFO	Listening on port 55578
1593280712312	Marionette	WARN	TLS certificate errors will be ignored for this session
1593280714529	Marionette	INFO	Stopped listening on port 55015
1593280722241	Marionette	INFO	Stopped listening on port 53557
1593280962671	mozrunner::runner	INFO	Running command: "/Applications/Firefox.app/Contents/MacOS/firefox-bin" "-marionette" "-foreground" "-no-remote" "-profile" "/var/folders/kj/hs9qlhc56dn4dq1yrjqgsxfm0000gp/T/rust_mozprofileUoWNn4"
1593280963451	addons.webextension.screenshots@mozilla.org	WARN	Loading extension 'screenshots@mozilla.org': Reading manifest: Invalid host permission: resource://pdf.js/
1593280963451	addons.webextension.screenshots@mozilla.org	WARN	Loading extension 'screenshots@mozilla.org': Reading manifest: Invalid host permission: about:reader*
Can't find symbol 'GetGraphicsResetStatus'.
1593280965206	Marionette	INFO	Listening on port 56791
1593280965248	Marionette	WARN	TLS certificate errors will be ignored for this session
1593281088679	mozrunner::runner	INFO	Running command: "/Applications/Firefox.app/Contents/MacOS/firefox-bin" "-marionette" "-foreground" "-no-remote" "-profile" "/var/folders/kj/hs9qlhc56dn4dq1yrjqgsxfm0000gp/T/rust_mozprofileFfWENX"
1593281089488	addons.webextension.screenshots@mozilla.org	WARN	Loading extension 'screenshots@mozilla.org': Reading manifest: Invalid host permission: resource://pdf.js/
1593281089488	addons.webextension.screenshots@mozilla.org	WARN	Loading extension 'screenshots@mozilla.org': Reading manifest: Invalid host permission: about:reader*
Can't find symbol 'GetGraphicsResetStatus'.
1593281091194	Marionette	INFO	Listening on port 57392
1593281091267	Marionette	WARN	TLS certificate errors will be ignored for this session
1593281137275	mozrunner::runner	INFO	Running command: "/Applications/Firefox.app/Contents/MacOS/firefox-bin" "-marionette" "-foreground" "-no-remote" "-profile" "/var/folders/kj/hs9qlhc56dn4dq1yrjqgsxfm0000gp/T/rust_mozprofilegH2vNl"
1593281138072	addons.webextension.screenshots@mozilla.org	WARN	Loading extension 'screenshots@mozilla.org': Reading manifest: Invalid host permission: resource://pdf.js/
1593281138072	addons.webextension.screenshots@mozilla.org	WARN	Loading extension 'screenshots@mozilla.org': Reading manifest: Invalid host permission: about:reader*
Can't find symbol 'GetGraphicsResetStatus'.
1593281139910	Marionette	INFO	Listening on port 57681
1593281139935	Marionette	WARN	TLS certificate errors will be ignored for this session
console.error: BroadcastService: 
  receivedBroadcastMessage: handler for
  remote-settings/monitor_changes
  threw error:
  Message: Error: Polling for changes failed: NetworkError when attempting to fetch resource..
  Stack:
    remoteSettingsFunction/remoteSettings.pollChanges@resource://services-settings/remote-settings.js:750:13

console.error: BroadcastService: 
  receivedBroadcastMessage: handler for
  remote-settings/monitor_changes
  threw error:
  Message: Error: Polling for changes failed: NetworkError when attempting to fetch resource..
  Stack:
    remoteSettingsFunction/remoteSettings.pollChanges@resource://services-settings/remote-settings.js:750:13

console.error: BroadcastService: 
  receivedBroadcastMessage: handler for
  remote-settings/monitor_changes
  threw error:
  Message: Error: Polling for changes failed: NetworkError when attempting to fetch resource..
  Stack:
    remoteSettingsFunction/remoteSettings.pollChanges@resource://services-settings/remote-settings.js:750:13

console.error: BroadcastService: 
  receivedBroadcastMessage: handler for
  remote-settings/monitor_changes
  threw error:
  Message: Error: Polling for changes failed: NetworkError when attempting to fetch resource..
  Stack:
    remoteSettingsFunction/remoteSettings.pollChanges@resource://services-settings/remote-settings.js:750:13

1593281881927	mozrunner::runner	INFO	Running command: "/Applications/Firefox.app/Contents/MacOS/firefox-bin" "-marionette" "-foreground" "-no-remote" "-profile" "/var/folders/kj/hs9qlhc56dn4dq1yrjqgsxfm0000gp/T/rust_mozprofileo3ICVO"
1593281882734	addons.webextension.screenshots@mozilla.org	WARN	Loading extension 'screenshots@mozilla.org': Reading manifest: Invalid host permission: resource://pdf.js/
1593281882734	addons.webextension.screenshots@mozilla.org	WARN	Loading extension 'screenshots@mozilla.org': Reading manifest: Invalid host permission: about:reader*
Can't find symbol 'GetGraphicsResetStatus'.
1593281884552	Marionette	INFO	Listening on port 60795
1593281884592	Marionette	WARN	TLS certificate errors will be ignored for this session
1593282055906	mozrunner::runner	INFO	Running command: "/Applications/Firefox.app/Contents/MacOS/firefox-bin" "-marionette" "-foreground" "-no-remote" "-profile" "/var/folders/kj/hs9qlhc56dn4dq1yrjqgsxfm0000gp/T/rust_mozprofileX5NplZ"
1593282056724	addons.webextension.screenshots@mozilla.org	WARN	Loading extension 'screenshots@mozilla.org': Reading manifest: Invalid host permission: resource://pdf.js/
1593282056724	addons.webextension.screenshots@mozilla.org	WARN	Loading extension 'screenshots@mozilla.org': Reading manifest: Invalid host permission: about:reader*
Can't find symbol 'GetGraphicsResetStatus'.
1593282058521	Marionette	INFO	Listening on port 61654
1593282058577	Marionette	WARN	TLS certificate errors will be ignored for this session
1593282090040	mozrunner::runner	INFO	Running command: "/Applications/Firefox.app/Contents/MacOS/firefox-bin" "-marionette" "-foreground" "-no-remote" "-profile" "/var/folders/kj/hs9qlhc56dn4dq1yrjqgsxfm0000gp/T/rust_mozprofileatqMSa"
1593282090843	addons.webextension.screenshots@mozilla.org	WARN	Loading extension 'screenshots@mozilla.org': Reading manifest: Invalid host permission: resource://pdf.js/
1593282090843	addons.webextension.screenshots@mozilla.org	WARN	Loading extension 'screenshots@mozilla.org': Reading manifest: Invalid host permission: about:reader*
Can't find symbol 'GetGraphicsResetStatus'.
1593282092555	Marionette	INFO	Listening on port 61889
1593282092609	Marionette	WARN	TLS certificate errors will be ignored for this session
1593282381953	Marionette	INFO	Stopped listening on port 55578
1593282383556	Marionette	INFO	Stopped listening on port 56791
1593282384968	Marionette	INFO	Stopped listening on port 57392
1593282386095	Marionette	INFO	Stopped listening on port 57681
1593282387007	Marionette	INFO	Stopped listening on port 60795
1593282388158	Marionette	INFO	Stopped listening on port 61654
1593282389176	Marionette	INFO	Stopped listening on port 61889
1593282557823	mozrunner::runner	INFO	Running command: "/Applications/Firefox.app/Contents/MacOS/firefox-bin" "-marionette" "-foreground" "-no-remote" "-profile" "/var/folders/kj/hs9qlhc56dn4dq1yrjqgsxfm0000gp/T/rust_mozprofile5SW1xS"
1593282558608	addons.webextension.screenshots@mozilla.org	WARN	Loading extension 'screenshots@mozilla.org': Reading manifest: Invalid host permission: resource://pdf.js/
1593282558608	addons.webextension.screenshots@mozilla.org	WARN	Loading extension 'screenshots@mozilla.org': Reading manifest: Invalid host permission: about:reader*
Can't find symbol 'GetGraphicsResetStatus'.
1593282560308	Marionette	INFO	Listening on port 64071
1593282560381	Marionette	WARN	TLS certificate errors will be ignored for this session
1593282586926	mozrunner::runner	INFO	Running command: "/Applications/Firefox.app/Contents/MacOS/firefox-bin" "-marionette" "-foreground" "-no-remote" "-profile" "/var/folders/kj/hs9qlhc56dn4dq1yrjqgsxfm0000gp/T/rust_mozprofileMegUJ8"
1593282587491	addons.webextension.screenshots@mozilla.org	WARN	Loading extension 'screenshots@mozilla.org': Reading manifest: Invalid host permission: resource://pdf.js/
1593282587491	addons.webextension.screenshots@mozilla.org	WARN	Loading extension 'screenshots@mozilla.org': Reading manifest: Invalid host permission: about:reader*
Can't find symbol 'GetGraphicsResetStatus'.
1593282589064	Marionette	INFO	Listening on port 64295
1593282589091	Marionette	WARN	TLS certificate errors will be ignored for this session
1593282640746	mozrunner::runner	INFO	Running command: "/Applications/Firefox.app/Contents/MacOS/firefox-bin" "-marionette" "-foreground" "-no-remote" "-profile" "/var/folders/kj/hs9qlhc56dn4dq1yrjqgsxfm0000gp/T/rust_mozprofile5Vj7Qr"
1593282641328	addons.webextension.screenshots@mozilla.org	WARN	Loading extension 'screenshots@mozilla.org': Reading manifest: Invalid host permission: resource://pdf.js/
1593282641329	addons.webextension.screenshots@mozilla.org	WARN	Loading extension 'screenshots@mozilla.org': Reading manifest: Invalid host permission: about:reader*
Can't find symbol 'GetGraphicsResetStatus'.
1593282642957	Marionette	INFO	Listening on port 64609
1593282643004	Marionette	WARN	TLS certificate errors will be ignored for this session
1593282651632	Marionette	INFO	Stopped listening on port 64609
JavaScript error: resource://gre/modules/WebProgressChild.jsm, line 58: TypeError: this.mm.content is null
console.error: BroadcastService: 
  receivedBroadcastMessage: handler for
  remote-settings/monitor_changes
  threw error:
  Message: Error: Polling for changes failed: NetworkError when attempting to fetch resource..
  Stack:
    remoteSettingsFunction/remoteSettings.pollChanges@resource://services-settings/remote-settings.js:750:13

console.error: BroadcastService: 
  receivedBroadcastMessage: handler for
  remote-settings/monitor_changes
  threw error:
  Message: Error: Polling for changes failed: NetworkError when attempting to fetch resource..
  Stack:
    remoteSettingsFunction/remoteSettings.pollChanges@resource://services-settings/remote-settings.js:750:13

1593463474401	mozrunner::runner	INFO	Running command: "/Applications/Firefox.app/Contents/MacOS/firefox-bin" "-marionette" "-foreground" "-no-remote" "-profile" "/var/folders/kj/hs9qlhc56dn4dq1yrjqgsxfm0000gp/T/rust_mozprofile3lbjge"
1593463475368	addons.webextension.screenshots@mozilla.org	WARN	Loading extension 'screenshots@mozilla.org': Reading manifest: Invalid host permission: resource://pdf.js/
1593463475368	addons.webextension.screenshots@mozilla.org	WARN	Loading extension 'screenshots@mozilla.org': Reading manifest: Invalid host permission: about:reader*
Can't find symbol 'GetGraphicsResetStatus'.
1593463477465	Marionette	INFO	Listening on port 56887
1593463477509	Marionette	WARN	TLS certificate errors will be ignored for this session
1593463555982	mozrunner::runner	INFO	Running command: "/Applications/Firefox.app/Contents/MacOS/firefox-bin" "-marionette" "-foreground" "-no-remote" "-profile" "/var/folders/kj/hs9qlhc56dn4dq1yrjqgsxfm0000gp/T/rust_mozprofileZus3xm"
1593463556745	addons.webextension.screenshots@mozilla.org	WARN	Loading extension 'screenshots@mozilla.org': Reading manifest: Invalid host permission: resource://pdf.js/
1593463556745	addons.webextension.screenshots@mozilla.org	WARN	Loading extension 'screenshots@mozilla.org': Reading manifest: Invalid host permission: about:reader*
Can't find symbol 'GetGraphicsResetStatus'.
1593463558354	Marionette	INFO	Listening on port 57335
1593463558380	Marionette	WARN	TLS certificate errors will be ignored for this session
console.error: BroadcastService: 
console.error: BroadcastService: 
  receivedBroadcastMessage: handler for
  remote-settings/monitor_changes
  threw error:
  receivedBroadcastMessage: handler for
  remote-settings/monitor_changes
  Message: Error: Polling for changes failed: NetworkError when attempting to fetch resource..
  Stack:
    remoteSettingsFunction/remoteSettings.pollChanges@resource://services-settings/remote-settings.js:750:13

  threw error:
  Message: Error: Polling for changes failed: NetworkError when attempting to fetch resource..
  Stack:
    remoteSettingsFunction/remoteSettings.pollChanges@resource://services-settings/remote-settings.js:750:13

1593465709756	mozrunner::runner	INFO	Running command: "/Applications/Firefox.app/Contents/MacOS/firefox-bin" "-marionette" "-foreground" "-no-remote" "-profile" "/var/folders/kj/hs9qlhc56dn4dq1yrjqgsxfm0000gp/T/rust_mozprofilecDmeWm"
1593465710545	addons.webextension.screenshots@mozilla.org	WARN	Loading extension 'screenshots@mozilla.org': Reading manifest: Invalid host permission: resource://pdf.js/
1593465710545	addons.webextension.screenshots@mozilla.org	WARN	Loading extension 'screenshots@mozilla.org': Reading manifest: Invalid host permission: about:reader*
Can't find symbol 'GetGraphicsResetStatus'.
1593465712144	Marionette	INFO	Listening on port 59738
1593465712240	Marionette	WARN	TLS certificate errors will be ignored for this session
1593465729778	Marionette	INFO	Stopped listening on port 57335
1593465731416	Marionette	INFO	Stopped listening on port 56887
1593465732633	Marionette	INFO	Stopped listening on port 59738
1593465735733	Marionette	INFO	Stopped listening on port 64071
1593465735993	Marionette	INFO	Stopped listening on port 64295
1593465739500	mozrunner::runner	INFO	Running command: "/Applications/Firefox.app/Contents/MacOS/firefox-bin" "-marionette" "-foreground" "-no-remote" "-profile" "/var/folders/kj/hs9qlhc56dn4dq1yrjqgsxfm0000gp/T/rust_mozprofilexVAIZ8"
1593465740281	addons.webextension.screenshots@mozilla.org	WARN	Loading extension 'screenshots@mozilla.org': Reading manifest: Invalid host permission: resource://pdf.js/
1593465740281	addons.webextension.screenshots@mozilla.org	WARN	Loading extension 'screenshots@mozilla.org': Reading manifest: Invalid host permission: about:reader*
Can't find symbol 'GetGraphicsResetStatus'.
1593465741958	Marionette	INFO	Listening on port 59962
1593465741988	Marionette	WARN	TLS certificate errors will be ignored for this session
1593465782655	mozrunner::runner	INFO	Running command: "/Applications/Firefox.app/Contents/MacOS/firefox-bin" "-marionette" "-foreground" "-no-remote" "-profile" "/var/folders/kj/hs9qlhc56dn4dq1yrjqgsxfm0000gp/T/rust_mozprofileceDvWd"
1593465783447	addons.webextension.screenshots@mozilla.org	WARN	Loading extension 'screenshots@mozilla.org': Reading manifest: Invalid host permission: resource://pdf.js/
1593465783447	addons.webextension.screenshots@mozilla.org	WARN	Loading extension 'screenshots@mozilla.org': Reading manifest: Invalid host permission: about:reader*
Can't find symbol 'GetGraphicsResetStatus'.
1593465785244	Marionette	INFO	Listening on port 60232
1593465785342	Marionette	WARN	TLS certificate errors will be ignored for this session
1593465832177	Marionette	INFO	Stopped listening on port 60232
1593465833324	Marionette	INFO	Stopped listening on port 59962
1593465849009	mozrunner::runner	INFO	Running command: "/Applications/Firefox.app/Contents/MacOS/firefox-bin" "-marionette" "-foreground" "-no-remote" "-profile" "/var/folders/kj/hs9qlhc56dn4dq1yrjqgsxfm0000gp/T/rust_mozprofileCANGzi"
1593465849776	addons.webextension.screenshots@mozilla.org	WARN	Loading extension 'screenshots@mozilla.org': Reading manifest: Invalid host permission: resource://pdf.js/
1593465849776	addons.webextension.screenshots@mozilla.org	WARN	Loading extension 'screenshots@mozilla.org': Reading manifest: Invalid host permission: about:reader*
Can't find symbol 'GetGraphicsResetStatus'.
1593465851564	Marionette	INFO	Listening on port 60677
1593465851613	Marionette	WARN	TLS certificate errors will be ignored for this session
console.error: BroadcastService: 
  receivedBroadcastMessage: handler for
  remote-settings/monitor_changes
  threw error:
  Message: Error: Polling for changes failed: NetworkError when attempting to fetch resource..
  Stack:
    remoteSettingsFunction/remoteSettings.pollChanges@resource://services-settings/remote-settings.js:750:13

